TN:
SF:src\App.vue
FN:502,render
FNF:1
FNH:1
FNDA:70,render
DA:4,1
DA:5,1
DA:8,1
DA:501,1
DA:502,1
DA:503,70
DA:504,70
DA:505,70
DA:772,1
DA:773,1
DA:775,1
DA:776,1
LF:12
LH:12
BRDA:501,0,0,0
BRDA:501,0,1,1
BRDA:601,1,0,5
BRDA:601,1,1,65
BRDA:650,2,0,4
BRDA:650,2,1,66
BRDA:693,3,0,8
BRDA:693,3,1,62
BRF:8
BRH:7
end_of_record
TN:
SF:src\constants.js
FNF:0
FNH:0
DA:16,14
DA:23,14
DA:32,14
DA:46,14
DA:56,14
DA:73,14
DA:94,14
DA:113,14
DA:120,14
DA:128,14
DA:135,14
DA:140,14
DA:145,14
DA:154,14
DA:164,14
DA:172,14
DA:179,14
DA:188,14
DA:193,14
DA:199,14
DA:206,14
DA:212,14
DA:221,14
DA:226,14
DA:235,14
DA:240,14
DA:249,14
DA:262,14
DA:281,14
LF:29
LH:29
BRDA:16,0,0,0
BRDA:16,0,1,14
BRDA:113,1,0,0
BRDA:113,1,1,14
BRDA:120,2,0,0
BRDA:120,2,1,14
BRDA:128,3,0,0
BRDA:128,3,1,14
BRDA:164,4,0,0
BRDA:164,4,1,14
BRDA:172,5,0,14
BRDA:172,5,1,14
BRDA:179,6,0,14
BRDA:179,6,1,14
BRDA:199,7,0,0
BRDA:199,7,1,14
BRF:16
BRH:10
end_of_record
TN:
SF:src\components\DownloadButton.vue
FN:169,render
FNF:1
FNH:1
FNDA:38,render
DA:4,2
DA:5,2
DA:8,2
DA:168,2
DA:169,2
DA:170,38
DA:171,38
DA:172,38
DA:218,2
DA:219,2
DA:221,2
DA:222,2
LF:12
LH:12
BRDA:168,0,0,0
BRDA:168,0,1,2
BRDA:172,1,0,36
BRDA:172,1,1,2
BRDA:203,2,0,8
BRDA:203,2,1,28
BRF:6
BRH:5
end_of_record
TN:
SF:src\components\ErrorBoundary.vue
FN:40,(anonymous_0)
FN:52,(anonymous_1)
FN:64,(anonymous_2)
FN:79,(anonymous_3)
FN:104,(anonymous_4)
FN:107,(anonymous_5)
FN:113,(anonymous_6)
FN:133,(anonymous_7)
FN:140,(anonymous_8)
FN:159,(anonymous_9)
FN:181,(anonymous_10)
FN:190,(anonymous_11)
FN:199,render
FNF:13
FNH:10
FNDA:10,(anonymous_0)
FNDA:6,(anonymous_1)
FNDA:0,(anonymous_2)
FNDA:0,(anonymous_3)
FNDA:6,(anonymous_4)
FNDA:42,(anonymous_5)
FNDA:7,(anonymous_6)
FNDA:0,(anonymous_7)
FNDA:2,(anonymous_8)
FNDA:2,(anonymous_9)
FNDA:7,(anonymous_10)
FNDA:1,(anonymous_11)
FNDA:21,render
DA:4,2
DA:7,2
DA:8,2
DA:41,10
DA:53,6
DA:55,6
DA:56,6
DA:59,0
DA:65,0
DA:66,0
DA:68,0
DA:69,0
DA:71,0
DA:81,0
DA:82,0
DA:83,0
DA:86,0
DA:89,0
DA:97,0
DA:106,6
DA:107,42
DA:114,7
DA:134,0
DA:142,2
DA:143,2
DA:144,2
DA:145,2
DA:148,2
DA:149,0
DA:153,2
DA:161,2
DA:162,2
DA:163,2
DA:164,2
DA:167,2
DA:168,0
DA:171,2
DA:175,2
DA:182,7
DA:183,7
DA:184,7
DA:185,7
DA:191,1
DA:192,1
DA:193,1
DA:194,1
DA:198,2
DA:199,2
DA:200,21
DA:201,21
DA:202,21
DA:269,2
DA:270,2
DA:272,2
DA:273,2
LF:55
LH:40
BRDA:53,0,0,6
BRDA:53,0,1,0
BRDA:53,1,0,6
BRDA:53,1,1,6
BRDA:55,2,0,6
BRDA:55,2,1,0
BRDA:65,3,0,0
BRDA:65,3,1,0
BRDA:65,4,0,0
BRDA:65,4,1,0
BRDA:68,5,0,0
BRDA:68,5,1,0
BRDA:118,6,0,7
BRDA:118,6,1,0
BRDA:148,7,0,0
BRDA:148,7,1,2
BRDA:167,8,0,0
BRDA:167,8,1,2
BRDA:181,9,0,0
BRDA:198,10,0,0
BRDA:198,10,1,2
BRDA:203,11,0,6
BRDA:203,11,1,15
BRDA:214,12,0,0
BRDA:214,12,1,6
BRDA:226,13,0,0
BRDA:226,13,1,0
BRDA:233,14,0,0
BRDA:233,14,1,0
BRF:29
BRH:11
end_of_record
TN:
SF:src\components\HelloWorld.vue
FN:15,render
FN:37,(anonymous_1)
FN:60,(anonymous_2)
FN:93,(anonymous_3)
FN:168,(anonymous_4)
FNF:5
FNH:0
FNDA:0,render
FNDA:0,(anonymous_1)
FNDA:0,(anonymous_2)
FNDA:0,(anonymous_3)
FNDA:0,(anonymous_4)
DA:4,0
DA:7,0
DA:8,0
DA:14,0
DA:15,0
DA:16,0
DA:17,0
DA:18,0
DA:36,0
DA:38,0
DA:39,0
DA:40,0
DA:61,0
DA:62,0
DA:63,0
DA:94,0
DA:95,0
DA:96,0
DA:169,0
DA:170,0
DA:171,0
DA:244,0
DA:246,0
DA:247,0
LF:24
LH:0
BRDA:14,0,0,0
BRDA:14,0,1,0
BRF:2
BRH:0
end_of_record
TN:
SF:src\components\ImageComparison.vue
FN:62,render
FNF:1
FNH:1
FNDA:28,render
DA:4,2
DA:7,2
DA:61,2
DA:62,2
DA:63,28
DA:64,28
DA:65,28
DA:125,2
DA:126,2
DA:128,2
DA:129,2
LF:11
LH:11
BRDA:61,0,0,0
BRDA:61,0,1,2
BRDA:65,1,0,26
BRDA:65,1,1,2
BRDA:65,2,0,28
BRDA:65,2,1,7
BRDA:76,3,0,21
BRDA:76,3,1,5
BRDA:92,4,0,16
BRDA:92,4,1,10
BRF:10
BRH:9
end_of_record
TN:
SF:src\components\ImageProcessor.vue
FN:180,render
FNF:1
FNH:1
FNDA:58,render
DA:4,2
DA:7,2
DA:179,2
DA:180,2
DA:181,58
DA:182,58
DA:183,58
DA:294,2
DA:295,2
DA:297,2
DA:298,2
LF:11
LH:11
BRDA:179,0,0,0
BRDA:179,0,1,2
BRDA:184,1,0,44
BRDA:184,1,1,14
BRDA:184,2,0,58
BRDA:184,2,1,48
BRDA:201,3,0,10
BRDA:201,3,1,48
BRDA:209,4,0,5
BRDA:209,4,1,5
BRDA:218,5,0,5
BRDA:218,5,1,5
BRDA:226,6,0,4
BRDA:226,6,1,54
BRDA:226,7,0,58
BRDA:226,7,1,4
BRDA:244,8,0,7
BRDA:244,8,1,51
BRDA:258,9,0,6
BRDA:258,9,1,1
BRF:20
BRH:19
end_of_record
TN:
SF:src\components\ImageUploader.vue
FN:157,render
FN:167,(anonymous_1)
FN:171,(anonymous_2)
FN:175,(anonymous_3)
FN:216,(anonymous_4)
FN:240,(anonymous_5)
FNF:6
FNH:6
FNDA:38,render
FNDA:1,(anonymous_1)
FNDA:1,(anonymous_2)
FNDA:1,(anonymous_3)
FNDA:1,(anonymous_4)
FNDA:22,(anonymous_5)
DA:4,2
DA:7,2
DA:156,2
DA:157,2
DA:158,38
DA:159,38
DA:160,38
DA:168,1
DA:169,1
DA:172,1
DA:173,1
DA:176,1
DA:177,1
DA:217,1
DA:218,1
DA:239,2
DA:241,22
DA:242,22
DA:243,22
DA:249,2
DA:251,2
DA:252,2
LF:22
LH:22
BRDA:156,0,0,0
BRDA:156,0,1,2
BRDA:194,1,0,32
BRDA:194,1,1,6
BRDA:228,2,0,5
BRDA:228,2,1,33
BRF:6
BRH:5
end_of_record
TN:
SF:src\services\BackgroundRemovalAPI.js
FN:30,(anonymous_0)
FN:38,(anonymous_1)
FN:57,(anonymous_2)
FN:91,(anonymous_3)
FN:115,(anonymous_4)
FN:164,(anonymous_5)
FN:187,(anonymous_6)
FN:225,(anonymous_7)
FN:284,(anonymous_8)
FN:300,(anonymous_9)
FN:301,(anonymous_10)
FN:313,createBackgroundRemovalService
FNF:12
FNH:12
FNDA:1,(anonymous_0)
FNDA:1,(anonymous_1)
FNDA:30,(anonymous_2)
FNDA:17,(anonymous_3)
FNDA:29,(anonymous_4)
FNDA:3,(anonymous_5)
FNDA:15,(anonymous_6)
FNDA:21,(anonymous_7)
FNDA:29,(anonymous_8)
FNDA:14,(anonymous_9)
FNDA:14,(anonymous_10)
FNDA:4,createBackgroundRemovalService
DA:31,1
DA:39,1
DA:58,30
DA:60,30
DA:61,1
DA:64,29
DA:65,29
DA:66,29
DA:67,29
DA:68,29
DA:69,29
DA:72,29
DA:96,17
DA:99,17
DA:100,2
DA:108,15
DA:109,15
DA:110,15
DA:111,15
DA:112,15
DA:115,15
DA:116,29
DA:117,29
DA:125,4
DA:126,1
DA:133,3
DA:136,26
DA:138,21
DA:139,5
DA:141,3
DA:149,2
DA:165,3
DA:168,3
DA:172,1
DA:175,2
DA:190,15
DA:191,29
DA:192,29
DA:194,26
DA:197,26
DA:198,7
DA:202,19
DA:203,5
DA:207,14
DA:210,14
DA:215,0
DA:226,21
DA:228,21
DA:230,2
DA:239,2
DA:248,1
DA:257,16
DA:265,0
DA:285,29
DA:286,29
DA:287,29
DA:288,29
DA:289,29
DA:290,29
DA:301,14
DA:314,4
DA:317,3
DA:320,1
LF:63
LH:61
BRDA:57,0,0,23
BRDA:60,1,0,1
BRDA:60,1,1,29
BRDA:65,2,0,29
BRDA:65,2,1,29
BRDA:66,3,0,29
BRDA:66,3,1,27
BRDA:67,4,0,29
BRDA:67,4,1,27
BRDA:68,5,0,29
BRDA:68,5,1,25
BRDA:69,6,0,29
BRDA:69,6,1,26
BRDA:91,7,0,16
BRDA:93,8,0,16
BRDA:94,9,0,16
BRDA:95,10,0,16
BRDA:99,11,0,2
BRDA:99,11,1,15
BRDA:99,12,0,17
BRDA:99,12,1,16
BRDA:125,13,0,1
BRDA:125,13,1,3
BRDA:125,14,0,4
BRDA:125,14,1,3
BRDA:136,15,0,21
BRDA:136,15,1,5
BRDA:139,16,0,3
BRDA:139,16,1,2
BRDA:152,17,0,2
BRDA:152,17,1,0
BRDA:197,18,0,7
BRDA:197,18,1,19
BRDA:202,19,0,5
BRDA:202,19,1,14
BRDA:228,20,0,2
BRDA:228,20,1,1
BRDA:228,20,2,2
BRDA:228,20,3,0
BRDA:228,20,4,1
BRDA:228,20,5,3
BRDA:228,20,6,16
BRDA:228,20,7,0
BRDA:284,21,0,5
BRDA:285,22,0,29
BRDA:285,22,1,0
BRDA:313,23,0,3
BRDA:314,24,0,2
BRDA:314,24,1,3
BRDA:314,24,2,1
BRF:50
BRH:46
end_of_record
TN:
SF:src\services\CanvasUtility.js
FN:37,(anonymous_0)
FN:38,(anonymous_1)
FN:49,(anonymous_2)
FN:54,(anonymous_3)
FN:79,(anonymous_4)
FN:112,(anonymous_5)
FN:113,(anonymous_6)
FN:134,(anonymous_7)
FN:171,(anonymous_8)
FN:237,(anonymous_9)
FNF:10
FNH:10
FNDA:7,(anonymous_0)
FNDA:7,(anonymous_1)
FNDA:1,(anonymous_2)
FNDA:2,(anonymous_3)
FNDA:55,(anonymous_4)
FNDA:18,(anonymous_5)
FNDA:18,(anonymous_6)
FNDA:11,(anonymous_7)
FNDA:22,(anonymous_8)
FNDA:7,(anonymous_9)
DA:38,7
DA:40,7
DA:41,4
DA:42,4
DA:46,3
DA:49,3
DA:50,1
DA:54,3
DA:55,2
DA:59,3
DA:81,55
DA:84,8
DA:88,47
DA:89,47
DA:90,47
DA:92,47
DA:113,18
DA:115,18
DA:116,3
DA:117,3
DA:121,15
DA:122,2
DA:123,2
DA:127,13
DA:128,2
DA:129,2
DA:133,11
DA:135,11
DA:136,11
DA:138,0
DA:173,22
DA:174,3
DA:178,19
DA:181,6
DA:185,13
DA:186,13
DA:189,13
DA:190,3
DA:191,3
DA:192,3
DA:193,3
DA:198,10
DA:199,8
DA:200,8
DA:201,8
DA:205,10
DA:206,4
DA:207,4
DA:208,4
DA:212,10
DA:213,10
DA:216,10
DA:218,10
DA:239,7
DA:240,3
DA:244,4
DA:245,4
DA:248,4
DA:249,35
DA:251,325
DA:252,325
DA:253,325
DA:255,325
DA:256,325
DA:261,4
DA:263,4
LF:66
LH:65
BRDA:40,0,0,4
BRDA:40,0,1,3
BRDA:40,1,0,7
BRDA:40,1,1,4
BRDA:81,2,0,8
BRDA:81,2,1,47
BRDA:81,3,0,55
BRDA:81,3,1,54
BRDA:81,3,2,53
BRDA:81,3,3,51
BRDA:81,3,4,49
BRDA:81,3,5,47
BRDA:112,4,0,6
BRDA:112,5,0,11
BRDA:115,6,0,3
BRDA:115,6,1,15
BRDA:115,7,0,18
BRDA:115,7,1,16
BRDA:121,8,0,2
BRDA:121,8,1,13
BRDA:121,9,0,15
BRDA:121,9,1,15
BRDA:127,10,0,2
BRDA:127,10,1,11
BRDA:127,11,0,13
BRDA:127,11,1,13
BRDA:127,11,2,12
BRDA:135,12,0,11
BRDA:135,12,1,0
BRDA:173,13,0,3
BRDA:173,13,1,19
BRDA:173,14,0,22
BRDA:173,14,1,20
BRDA:178,15,0,6
BRDA:178,15,1,13
BRDA:178,16,0,19
BRDA:178,16,1,18
BRDA:178,16,2,18
BRDA:178,16,3,16
BRDA:178,16,4,14
BRDA:178,16,5,13
BRDA:189,17,0,3
BRDA:189,17,1,10
BRDA:189,18,0,13
BRDA:189,18,1,5
BRDA:198,19,0,8
BRDA:198,19,1,2
BRDA:205,20,0,4
BRDA:205,20,1,6
BRDA:237,21,0,5
BRDA:237,22,0,6
BRDA:237,23,0,6
BRDA:239,24,0,3
BRDA:239,24,1,4
BRDA:239,25,0,7
BRDA:239,25,1,5
BRDA:255,26,0,163
BRDA:255,26,1,162
BRF:58
BRH:57
end_of_record
TN:
SF:src\services\DownloadManager.js
FN:37,(anonymous_0)
FN:80,(anonymous_1)
FNF:2
FNH:2
FNDA:17,(anonymous_0)
FNDA:14,(anonymous_1)
DA:39,17
DA:40,4
DA:43,13
DA:44,4
DA:48,9
DA:49,9
DA:50,9
DA:53,9
DA:54,9
DA:55,9
DA:82,14
DA:83,3
DA:88,11
DA:91,11
LF:14
LH:14
BRDA:39,0,0,4
BRDA:39,0,1,13
BRDA:39,1,0,17
BRDA:39,1,1,14
BRDA:43,2,0,4
BRDA:43,2,1,9
BRDA:43,3,0,13
BRDA:43,3,1,10
BRDA:80,4,0,7
BRDA:82,5,0,3
BRDA:82,5,1,11
BRDA:82,6,0,14
BRDA:82,6,1,14
BRF:13
BRH:13
end_of_record
TN:
SF:src\services\ErrorRecovery.js
FN:19,(anonymous_0)
FN:31,(anonymous_1)
FN:49,(anonymous_2)
FN:51,(anonymous_3)
FN:88,(anonymous_4)
FN:169,(anonymous_5)
FN:230,(anonymous_6)
FN:245,(anonymous_7)
FN:246,(anonymous_8)
FN:266,(anonymous_9)
FN:294,(anonymous_10)
FNF:11
FNH:11
FNDA:50,(anonymous_0)
FNDA:18,(anonymous_1)
FNDA:11,(anonymous_2)
FNDA:14,(anonymous_3)
FNDA:18,(anonymous_4)
FNDA:15,(anonymous_5)
FNDA:3,(anonymous_6)
FNDA:3,(anonymous_7)
FNDA:3,(anonymous_8)
FNDA:5,(anonymous_9)
FNDA:4,(anonymous_10)
DA:21,50
DA:32,18
DA:51,11
DA:52,14
DA:53,14
DA:54,8
DA:55,6
DA:57,3
DA:60,1
DA:65,11
DA:89,18
DA:90,2
DA:94,16
DA:95,3
DA:99,13
DA:100,3
DA:104,10
DA:106,6
DA:112,6
DA:113,3
DA:117,3
DA:122,3
DA:123,2
DA:127,1
DA:131,4
DA:132,1
DA:136,3
DA:137,2
DA:141,1
DA:176,15
DA:177,1
DA:180,14
DA:181,1
DA:186,13
DA:187,32
DA:189,32
DA:192,5
DA:195,27
DA:198,27
DA:201,27
DA:202,8
DA:208,19
DA:211,19
DA:216,0
DA:232,3
DA:246,3
DA:267,5
DA:299,4
DA:301,4
DA:302,4
DA:305,3
DA:307,1
DA:311,2
LF:53
LH:52
BRDA:53,0,0,8
BRDA:53,0,1,6
BRDA:53,1,0,14
BRDA:53,1,1,13
BRDA:55,2,0,3
BRDA:55,2,1,3
BRDA:55,3,0,6
BRDA:55,3,1,3
BRDA:89,4,0,2
BRDA:89,4,1,16
BRDA:94,5,0,3
BRDA:94,5,1,13
BRDA:99,6,0,3
BRDA:99,6,1,10
BRDA:104,7,0,6
BRDA:104,7,1,4
BRDA:112,8,0,3
BRDA:112,8,1,3
BRDA:112,9,0,6
BRDA:112,9,1,5
BRDA:122,10,0,2
BRDA:122,10,1,1
BRDA:122,11,0,3
BRDA:122,11,1,2
BRDA:131,12,0,1
BRDA:131,12,1,3
BRDA:136,13,0,2
BRDA:136,13,1,1
BRDA:171,14,0,5
BRDA:172,15,0,9
BRDA:173,16,0,9
BRDA:176,17,0,1
BRDA:176,17,1,14
BRDA:180,18,0,1
BRDA:180,18,1,13
BRDA:201,19,0,8
BRDA:201,19,1,19
BRDA:266,20,0,2
BRDA:266,21,0,3
BRDA:294,22,0,2
BRDA:296,23,0,2
BRDA:297,24,0,3
BRDA:298,25,0,3
BRDA:305,26,0,1
BRDA:305,26,1,2
BRF:45
BRH:45
end_of_record
TN:
SF:src\services\ImageProcessorService.js
FN:33,(anonymous_0)
FN:47,(anonymous_1)
FN:73,(anonymous_2)
FN:165,(anonymous_3)
FN:209,(anonymous_4)
FN:239,(anonymous_5)
FN:240,(anonymous_6)
FN:252,(anonymous_7)
FN:256,(anonymous_8)
FN:275,(anonymous_9)
FN:276,(anonymous_10)
FN:279,(anonymous_11)
FN:283,(anonymous_12)
FN:303,(anonymous_13)
FN:329,(anonymous_14)
FN:345,(anonymous_15)
FN:377,(anonymous_16)
FN:397,(anonymous_17)
FN:406,(anonymous_18)
FN:424,(anonymous_19)
FNF:20
FNH:18
FNDA:28,(anonymous_0)
FNDA:24,(anonymous_1)
FNDA:21,(anonymous_2)
FNDA:4,(anonymous_3)
FNDA:20,(anonymous_4)
FNDA:19,(anonymous_5)
FNDA:19,(anonymous_6)
FNDA:17,(anonymous_7)
FNDA:0,(anonymous_8)
FNDA:17,(anonymous_9)
FNDA:17,(anonymous_10)
FNDA:17,(anonymous_11)
FNDA:0,(anonymous_12)
FNDA:17,(anonymous_13)
FNDA:22,(anonymous_14)
FNDA:18,(anonymous_15)
FNDA:16,(anonymous_16)
FNDA:24,(anonymous_17)
FNDA:4,(anonymous_18)
FNDA:8,(anonymous_19)
DA:34,28
DA:35,28
DA:39,28
DA:48,24
DA:74,21
DA:76,21
DA:78,21
DA:79,2
DA:87,19
DA:88,1
DA:96,18
DA:99,18
DA:100,18
DA:101,1
DA:109,17
DA:112,17
DA:113,17
DA:114,17
DA:117,17
DA:120,17
DA:123,16
DA:126,16
DA:136,16
DA:138,16
DA:141,4
DA:142,4
DA:145,0
DA:166,4
DA:168,4
DA:170,1
DA:174,3
DA:181,2
DA:187,2
DA:189,1
DA:210,20
DA:211,1
DA:219,19
DA:225,17
DA:240,19
DA:241,19
DA:242,2
DA:247,2
DA:250,17
DA:252,17
DA:253,17
DA:256,17
DA:257,0
DA:264,17
DA:276,17
DA:277,17
DA:279,17
DA:280,17
DA:283,17
DA:284,0
DA:291,17
DA:306,17
DA:309,17
DA:310,1
DA:314,16
DA:333,22
DA:346,18
DA:348,18
DA:349,17
DA:353,1
DA:354,1
DA:356,1
DA:358,0
DA:359,0
DA:362,1
DA:379,16
DA:381,1
DA:382,1
DA:386,16
DA:398,24
DA:407,4
DA:425,8
DA:426,8
DA:427,8
DA:428,8
DA:429,8
DA:430,8
DA:435,2
DA:443,2
DA:444,0
DA:445,0
DA:446,0
DA:448,0
DA:451,2
LF:88
LH:79
BRDA:78,0,0,2
BRDA:78,0,1,19
BRDA:78,1,0,21
BRDA:78,1,1,20
BRDA:87,2,0,1
BRDA:87,2,1,18
BRDA:100,3,0,1
BRDA:100,3,1,17
BRDA:141,4,0,4
BRDA:141,4,1,0
BRDA:141,5,0,4
BRDA:141,5,1,4
BRDA:148,6,0,0
BRDA:148,6,1,0
BRDA:168,7,0,1
BRDA:168,7,1,3
BRDA:168,8,0,4
BRDA:168,8,1,1
BRDA:210,9,0,1
BRDA:210,9,1,19
BRDA:241,10,0,2
BRDA:241,10,1,17
BRDA:241,11,0,19
BRDA:241,11,1,18
BRDA:306,12,0,17
BRDA:306,12,1,16
BRDA:309,13,0,1
BRDA:309,13,1,16
BRDA:348,14,0,17
BRDA:348,14,1,1
BRDA:356,15,0,0
BRDA:356,15,1,1
BRDA:379,16,0,1
BRDA:379,16,1,15
BRDA:424,17,0,7
BRDA:425,18,0,8
BRDA:425,18,1,0
BRDA:443,19,0,0
BRDA:443,19,1,2
BRF:39
BRH:33
end_of_record
TN:
SF:src\utils\validation.js
FN:39,validateFileType
FN:81,validateFileSize
FN:125,validateFile
FN:151,(anonymous_3)
FNF:4
FNH:4
FNDA:39,validateFileType
FNDA:28,validateFileSize
FNDA:25,validateFile
FNDA:28,(anonymous_3)
DA:40,39
DA:41,4
DA:50,35
DA:52,35
DA:53,13
DA:62,22
DA:82,28
DA:83,4
DA:92,24
DA:94,24
DA:95,6
DA:104,18
DA:127,25
DA:128,4
DA:138,21
DA:139,21
DA:140,6
DA:144,15
DA:145,15
DA:146,2
DA:150,13
DA:151,13
DA:152,28
DA:155,13
DA:156,3
DA:166,10
LF:26
LH:26
BRDA:40,0,0,4
BRDA:40,0,1,35
BRDA:40,1,0,39
BRDA:40,1,1,36
BRDA:52,2,0,13
BRDA:52,2,1,22
BRDA:81,3,0,26
BRDA:82,4,0,4
BRDA:82,4,1,24
BRDA:82,5,0,28
BRDA:82,5,1,25
BRDA:94,6,0,6
BRDA:94,6,1,18
BRDA:127,7,0,4
BRDA:127,7,1,21
BRDA:127,8,0,25
BRDA:127,8,1,23
BRDA:139,9,0,6
BRDA:139,9,1,15
BRDA:145,10,0,2
BRDA:145,10,1,13
BRDA:150,11,0,13
BRDA:150,11,1,1
BRDA:155,12,0,3
BRDA:155,12,1,10
BRF:25
BRH:25
end_of_record
